0:0:0:0:0:0:0:1 - - [13/Jul/2020:16:37:01 -0400] "GET / HTTP/1.1" 200 - "-" "Mozilla/5.0 (X11; CrOS x86_64 13020.87.0) AppleWebKit/537.36 (KHTML, like Gecko) Chrome/83.0.4103.119 Safari/537.36" "-"
0:0:0:0:0:0:0:1 - - [13/Jul/2020:16:37:01 -0400] "GET /api/navigation/global HTTP/1.1" 404 59 "http://localhost:9000/" "Mozilla/5.0 (X11; CrOS x86_64 13020.87.0) AppleWebKit/537.36 (KHTML, like Gecko) Chrome/83.0.4103.119 Safari/537.36" "-"
0:0:0:0:0:0:0:1 - - [13/Jul/2020:16:37:01 -0400] "GET /js/vendors-app-3f764be9.m.95447966.chunk.js HTTP/1.1" 200 - "http://localhost:9000/" "Mozilla/5.0 (X11; CrOS x86_64 13020.87.0) AppleWebKit/537.36 (KHTML, like Gecko) Chrome/83.0.4103.119 Safari/537.36" "-"
0:0:0:0:0:0:0:1 - - [13/Jul/2020:16:37:01 -0400] "GET /js/app-493df0b3.m.f7115952.chunk.js HTTP/1.1" 200 - "http://localhost:9000/" "Mozilla/5.0 (X11; CrOS x86_64 13020.87.0) AppleWebKit/537.36 (KHTML, like Gecko) Chrome/83.0.4103.119 Safari/537.36" "-"
0:0:0:0:0:0:0:1 - - [13/Jul/2020:16:37:01 -0400] "GET /api/l10n/index?locale=en-US&ts=2020-07-10T19%3A53%3A00%2B0000 HTTP/1.1" 200 - "http://localhost:9000/" "Mozilla/5.0 (X11; CrOS x86_64 13020.87.0) AppleWebKit/537.36 (KHTML, like Gecko) Chrome/83.0.4103.119 Safari/537.36" "-"
0:0:0:0:0:0:0:1 - - [13/Jul/2020:16:37:02 -0400] "GET /api/system/status HTTP/1.1" 200 82 "http://localhost:9000/maintenance?return_to=%2F" "Mozilla/5.0 (X11; CrOS x86_64 13020.87.0) AppleWebKit/537.36 (KHTML, like Gecko) Chrome/83.0.4103.119 Safari/537.36" "-"
0:0:0:0:0:0:0:1 - - [13/Jul/2020:16:37:07 -0400] "GET /api/system/status HTTP/1.1" 200 82 "http://localhost:9000/maintenance?return_to=%2F" "Mozilla/5.0 (X11; CrOS x86_64 13020.87.0) AppleWebKit/537.36 (KHTML, like Gecko) Chrome/83.0.4103.119 Safari/537.36" "-"
0:0:0:0:0:0:0:1 - - [13/Jul/2020:16:37:12 -0400] "GET /api/system/status HTTP/1.1" 200 82 "http://localhost:9000/maintenance?return_to=%2F" "Mozilla/5.0 (X11; CrOS x86_64 13020.87.0) AppleWebKit/537.36 (KHTML, like Gecko) Chrome/83.0.4103.119 Safari/537.36" "-"
0:0:0:0:0:0:0:1 - - [13/Jul/2020:16:37:17 -0400] "GET /api/system/status HTTP/1.1" 200 82 "http://localhost:9000/maintenance?return_to=%2F" "Mozilla/5.0 (X11; CrOS x86_64 13020.87.0) AppleWebKit/537.36 (KHTML, like Gecko) Chrome/83.0.4103.119 Safari/537.36" "-"
0:0:0:0:0:0:0:1 - - [13/Jul/2020:16:37:22 -0400] "GET /api/system/status HTTP/1.1" 200 76 "http://localhost:9000/maintenance?return_to=%2F" "Mozilla/5.0 (X11; CrOS x86_64 13020.87.0) AppleWebKit/537.36 (KHTML, like Gecko) Chrome/83.0.4103.119 Safari/537.36" "AXNJ5XlbJiDRWkY+AAAA"
0:0:0:0:0:0:0:1 - - [13/Jul/2020:16:37:24 -0400] "GET / HTTP/1.1" 200 - "http://localhost:9000/maintenance?return_to=%2F" "Mozilla/5.0 (X11; CrOS x86_64 13020.87.0) AppleWebKit/537.36 (KHTML, like Gecko) Chrome/83.0.4103.119 Safari/537.36" "AXNJ5XlbJiDRWkY+AAAB"
0:0:0:0:0:0:0:1 - - [13/Jul/2020:16:37:25 -0400] "GET /api/l10n/index?locale=en-US&ts=2020-07-13T20%3A37%3A02%2B0000 HTTP/1.1" 304 - "http://localhost:9000/" "Mozilla/5.0 (X11; CrOS x86_64 13020.87.0) AppleWebKit/537.36 (KHTML, like Gecko) Chrome/83.0.4103.119 Safari/537.36" "AXNJ5XlbJiDRWkY+AAAC"
0:0:0:0:0:0:0:1 - - [13/Jul/2020:16:37:25 -0400] "GET /api/users/current HTTP/1.1" 200 112 "http://localhost:9000/" "Mozilla/5.0 (X11; CrOS x86_64 13020.87.0) AppleWebKit/537.36 (KHTML, like Gecko) Chrome/83.0.4103.119 Safari/537.36" "AXNJ5XlbJiDRWkY+AAAD"
0:0:0:0:0:0:0:1 - - [13/Jul/2020:16:37:25 -0400] "GET /api/navigation/global HTTP/1.1" 200 519 "http://localhost:9000/" "Mozilla/5.0 (X11; CrOS x86_64 13020.87.0) AppleWebKit/537.36 (KHTML, like Gecko) Chrome/83.0.4103.119 Safari/537.36" "AXNJ5XlbJiDRWkY+AAAE"
0:0:0:0:0:0:0:1 - - [13/Jul/2020:16:37:25 -0400] "GET /api/languages/list HTTP/1.1" 200 479 "http://localhost:9000/" "Mozilla/5.0 (X11; CrOS x86_64 13020.87.0) AppleWebKit/537.36 (KHTML, like Gecko) Chrome/83.0.4103.119 Safari/537.36" "AXNJ5XlbJiDRWkY+AAAF"
0:0:0:0:0:0:0:1 - - [13/Jul/2020:16:37:25 -0400] "GET /api/settings/values?keys=sonar.lf.aboutText HTTP/1.1" 200 15 "http://localhost:9000/about" "Mozilla/5.0 (X11; CrOS x86_64 13020.87.0) AppleWebKit/537.36 (KHTML, like Gecko) Chrome/83.0.4103.119 Safari/537.36" "AXNJ5XlbJiDRWkY+AAAI"
0:0:0:0:0:0:0:1 - - [13/Jul/2020:16:37:25 -0400] "GET /images/logo.svg?v=6.6 HTTP/1.1" 304 - "http://localhost:9000/about" "Mozilla/5.0 (X11; CrOS x86_64 13020.87.0) AppleWebKit/537.36 (KHTML, like Gecko) Chrome/83.0.4103.119 Safari/537.36" "AXNJ5XlbJiDRWkY+AAAJ"
0:0:0:0:0:0:0:1 - - [13/Jul/2020:16:37:25 -0400] "GET /images/scanner-logos/sonarqube.svg HTTP/1.1" 304 - "http://localhost:9000/about" "Mozilla/5.0 (X11; CrOS x86_64 13020.87.0) AppleWebKit/537.36 (KHTML, like Gecko) Chrome/83.0.4103.119 Safari/537.36" "AXNJ5XlbJiDRWkY+AAAK"
0:0:0:0:0:0:0:1 - - [13/Jul/2020:16:37:26 -0400] "GET /images/scanner-logos/msbuild.svg HTTP/1.1" 304 - "http://localhost:9000/about" "Mozilla/5.0 (X11; CrOS x86_64 13020.87.0) AppleWebKit/537.36 (KHTML, like Gecko) Chrome/83.0.4103.119 Safari/537.36" "AXNJ5XlbJiDRWkY+AAAL"
0:0:0:0:0:0:0:1 - - [13/Jul/2020:16:37:26 -0400] "GET /images/scanner-logos/maven.svg HTTP/1.1" 304 - "http://localhost:9000/about" "Mozilla/5.0 (X11; CrOS x86_64 13020.87.0) AppleWebKit/537.36 (KHTML, like Gecko) Chrome/83.0.4103.119 Safari/537.36" "AXNJ5XlbJiDRWkY+AAAM"
0:0:0:0:0:0:0:1 - - [13/Jul/2020:16:37:26 -0400] "GET /images/scanner-logos/gradle.svg HTTP/1.1" 304 - "http://localhost:9000/about" "Mozilla/5.0 (X11; CrOS x86_64 13020.87.0) AppleWebKit/537.36 (KHTML, like Gecko) Chrome/83.0.4103.119 Safari/537.36" "AXNJ5XlbJiDRWkY+AAAN"
0:0:0:0:0:0:0:1 - - [13/Jul/2020:16:37:26 -0400] "GET /images/scanner-logos/jenkins.svg HTTP/1.1" 304 - "http://localhost:9000/about" "Mozilla/5.0 (X11; CrOS x86_64 13020.87.0) AppleWebKit/537.36 (KHTML, like Gecko) Chrome/83.0.4103.119 Safari/537.36" "AXNJ5XlbJiDRWkY+AAAO"
0:0:0:0:0:0:0:1 - - [13/Jul/2020:16:37:26 -0400] "GET /images/scanner-logos/ant.svg HTTP/1.1" 304 - "http://localhost:9000/about" "Mozilla/5.0 (X11; CrOS x86_64 13020.87.0) AppleWebKit/537.36 (KHTML, like Gecko) Chrome/83.0.4103.119 Safari/537.36" "AXNJ5XlbJiDRWkY+AAAP"
0:0:0:0:0:0:0:1 - - [13/Jul/2020:16:37:26 -0400] "GET /api/components/search_projects?ps=1 HTTP/1.1" 200 214 "http://localhost:9000/about" "Mozilla/5.0 (X11; CrOS x86_64 13020.87.0) AppleWebKit/537.36 (KHTML, like Gecko) Chrome/83.0.4103.119 Safari/537.36" "AXNJ5XlbJiDRWkY+AAAG"
0:0:0:0:0:0:0:1 - - [13/Jul/2020:16:37:27 -0400] "GET /api/issues/search?resolved=false&facets=types&ps=1&additionalFields=_all HTTP/1.1" 200 - "http://localhost:9000/about" "Mozilla/5.0 (X11; CrOS x86_64 13020.87.0) AppleWebKit/537.36 (KHTML, like Gecko) Chrome/83.0.4103.119 Safari/537.36" "AXNJ5XlbJiDRWkY+AAAH"
0:0:0:0:0:0:0:1 - - [13/Jul/2020:16:37:37 -0400] "GET /js/19.m.1290b4f4.chunk.js HTTP/1.1" 200 - "http://localhost:9000/projects?sort=-analysis_date" "Mozilla/5.0 (X11; CrOS x86_64 13020.87.0) AppleWebKit/537.36 (KHTML, like Gecko) Chrome/83.0.4103.119 Safari/537.36" "AXNJ5XlbJiDRWkY+AAAQ"
0:0:0:0:0:0:0:1 - - [13/Jul/2020:16:37:37 -0400] "GET /js/289.m.3047128c.chunk.js HTTP/1.1" 200 - "http://localhost:9000/projects?sort=-analysis_date" "Mozilla/5.0 (X11; CrOS x86_64 13020.87.0) AppleWebKit/537.36 (KHTML, like Gecko) Chrome/83.0.4103.119 Safari/537.36" "AXNJ5XlbJiDRWkY+AAAR"
0:0:0:0:0:0:0:1 - - [13/Jul/2020:16:37:37 -0400] "GET /api/components/search_projects?ps=50&facets=reliability_rating%2Csecurity_rating%2Csecurity_review_rating%2Csqale_rating%2Ccoverage%2Cduplicated_lines_density%2Cncloc%2Calert_status%2Clanguages%2Ctags%2Cqualifier&f=analysisDate%2CleakPeriodDate&s=analysisDate&asc=false HTTP/1.1" 200 - "http://localhost:9000/projects?sort=-analysis_date" "Mozilla/5.0 (X11; CrOS x86_64 13020.87.0) AppleWebKit/537.36 (KHTML, like Gecko) Chrome/83.0.4103.119 Safari/537.36" "AXNJ5XlbJiDRWkY+AAAS"
0:0:0:0:0:0:0:1 - - [13/Jul/2020:16:37:37 -0400] "GET /api/organizations/search?organizations=default-organization HTTP/1.1" 200 189 "http://localhost:9000/projects?sort=-analysis_date" "Mozilla/5.0 (X11; CrOS x86_64 13020.87.0) AppleWebKit/537.36 (KHTML, like Gecko) Chrome/83.0.4103.119 Safari/537.36" "AXNJ5XlbJiDRWkY+AAAU"
0:0:0:0:0:0:0:1 - - [13/Jul/2020:16:37:37 -0400] "GET /api/measures/search?projectKeys=test1&metricKeys=alert_status%2Cbugs%2Creliability_rating%2Cvulnerabilities%2Csecurity_rating%2Csecurity_hotspots_reviewed%2Csecurity_review_rating%2Ccode_smells%2Csqale_rating%2Cduplicated_lines_density%2Ccoverage%2Cncloc%2Cncloc_language_distribution%2Cprojects HTTP/1.1" 200 941 "http://localhost:9000/projects?sort=-analysis_date" "Mozilla/5.0 (X11; CrOS x86_64 13020.87.0) AppleWebKit/537.36 (KHTML, like Gecko) Chrome/83.0.4103.119 Safari/537.36" "AXNJ5XlbJiDRWkY+AAAT"
0:0:0:0:0:0:0:1 - - [13/Jul/2020:16:38:07 -0400] "GET /api/issues/search?componentKeys=test1 HTTP/1.1" 200 - "-" "Mozilla/5.0 (X11; CrOS x86_64 13020.87.0) AppleWebKit/537.36 (KHTML, like Gecko) Chrome/83.0.4103.119 Safari/537.36" "AXNJ5XlbJiDRWkY+AAAV"
