0:0:0:0:0:0:0:1 - - [14/Jul/2020:10:08:51 -0400] "GET /api/project_analyses/search?project=test1 HTTP/1.1" 404 65 "-" "Mozilla/5.0 (X11; CrOS x86_64 13020.87.0) AppleWebKit/537.36 (KHTML, like Gecko) Chrome/83.0.4103.119 Safari/537.36" "-"
0:0:0:0:0:0:0:1 - - [14/Jul/2020:10:08:52 -0400] "GET /api/project_analyses/search?project=test1 HTTP/1.1" 404 65 "-" "Mozilla/5.0 (X11; CrOS x86_64 13020.87.0) AppleWebKit/537.36 (KHTML, like Gecko) Chrome/83.0.4103.119 Safari/537.36" "-"
0:0:0:0:0:0:0:1 - - [14/Jul/2020:10:08:52 -0400] "GET /favicon.ico HTTP/1.1" 200 5430 "http://localhost:9000/api/project_analyses/search?project=test1" "Mozilla/5.0 (X11; CrOS x86_64 13020.87.0) AppleWebKit/537.36 (KHTML, like Gecko) Chrome/83.0.4103.119 Safari/537.36" "-"
0:0:0:0:0:0:0:1 - - [14/Jul/2020:10:08:54 -0400] "GET /api/project_analyses/search?project=test1 HTTP/1.1" 404 65 "-" "Mozilla/5.0 (X11; CrOS x86_64 13020.87.0) AppleWebKit/537.36 (KHTML, like Gecko) Chrome/83.0.4103.119 Safari/537.36" "-"
0:0:0:0:0:0:0:1 - - [14/Jul/2020:10:08:55 -0400] "GET /favicon.ico HTTP/1.1" 200 5430 "http://localhost:9000/api/project_analyses/search?project=test1" "Mozilla/5.0 (X11; CrOS x86_64 13020.87.0) AppleWebKit/537.36 (KHTML, like Gecko) Chrome/83.0.4103.119 Safari/537.36" "-"
0:0:0:0:0:0:0:1 - - [14/Jul/2020:10:09:01 -0400] "GET /api/project_analyses/search?project=test1 HTTP/1.1" 404 65 "-" "Mozilla/5.0 (X11; CrOS x86_64 13020.87.0) AppleWebKit/537.36 (KHTML, like Gecko) Chrome/83.0.4103.119 Safari/537.36" "-"
0:0:0:0:0:0:0:1 - - [14/Jul/2020:10:09:01 -0400] "GET /favicon.ico HTTP/1.1" 200 5430 "http://localhost:9000/api/project_analyses/search?project=test1" "Mozilla/5.0 (X11; CrOS x86_64 13020.87.0) AppleWebKit/537.36 (KHTML, like Gecko) Chrome/83.0.4103.119 Safari/537.36" "-"
0:0:0:0:0:0:0:1 - - [14/Jul/2020:10:09:16 -0400] "GET /about HTTP/1.1" 200 - "-" "Mozilla/5.0 (X11; CrOS x86_64 13020.87.0) AppleWebKit/537.36 (KHTML, like Gecko) Chrome/83.0.4103.119 Safari/537.36" "AXNNqIPWxxAuYIFOAAAA"
0:0:0:0:0:0:0:1 - - [14/Jul/2020:10:09:16 -0400] "GET /api/l10n/index?locale=en-US&ts=2020-07-13T20%3A37%3A02%2B0000 HTTP/1.1" 200 - "http://localhost:9000/about" "Mozilla/5.0 (X11; CrOS x86_64 13020.87.0) AppleWebKit/537.36 (KHTML, like Gecko) Chrome/83.0.4103.119 Safari/537.36" "AXNNqIPWxxAuYIFOAAAB"
0:0:0:0:0:0:0:1 - - [14/Jul/2020:10:09:17 -0400] "GET /api/navigation/global HTTP/1.1" 200 519 "http://localhost:9000/about" "Mozilla/5.0 (X11; CrOS x86_64 13020.87.0) AppleWebKit/537.36 (KHTML, like Gecko) Chrome/83.0.4103.119 Safari/537.36" "AXNNqIPWxxAuYIFOAAAD"
0:0:0:0:0:0:0:1 - - [14/Jul/2020:10:09:17 -0400] "GET /api/users/current HTTP/1.1" 200 112 "http://localhost:9000/about" "Mozilla/5.0 (X11; CrOS x86_64 13020.87.0) AppleWebKit/537.36 (KHTML, like Gecko) Chrome/83.0.4103.119 Safari/537.36" "AXNNqIPWxxAuYIFOAAAC"
0:0:0:0:0:0:0:1 - - [14/Jul/2020:10:09:17 -0400] "GET /api/languages/list HTTP/1.1" 200 479 "http://localhost:9000/about" "Mozilla/5.0 (X11; CrOS x86_64 13020.87.0) AppleWebKit/537.36 (KHTML, like Gecko) Chrome/83.0.4103.119 Safari/537.36" "AXNNqIPWxxAuYIFOAAAE"
0:0:0:0:0:0:0:1 - - [14/Jul/2020:10:09:17 -0400] "GET /images/scanner-logos/sonarqube.svg HTTP/1.1" 304 - "http://localhost:9000/about" "Mozilla/5.0 (X11; CrOS x86_64 13020.87.0) AppleWebKit/537.36 (KHTML, like Gecko) Chrome/83.0.4103.119 Safari/537.36" "AXNNqIPWxxAuYIFOAAAJ"
0:0:0:0:0:0:0:1 - - [14/Jul/2020:10:09:17 -0400] "GET /images/logo.svg?v=6.6 HTTP/1.1" 304 - "http://localhost:9000/about" "Mozilla/5.0 (X11; CrOS x86_64 13020.87.0) AppleWebKit/537.36 (KHTML, like Gecko) Chrome/83.0.4103.119 Safari/537.36" "AXNNqIPWxxAuYIFOAAAI"
0:0:0:0:0:0:0:1 - - [14/Jul/2020:10:09:17 -0400] "GET /images/scanner-logos/msbuild.svg HTTP/1.1" 304 - "http://localhost:9000/about" "Mozilla/5.0 (X11; CrOS x86_64 13020.87.0) AppleWebKit/537.36 (KHTML, like Gecko) Chrome/83.0.4103.119 Safari/537.36" "AXNNqIPWxxAuYIFOAAAK"
0:0:0:0:0:0:0:1 - - [14/Jul/2020:10:09:17 -0400] "GET /images/scanner-logos/maven.svg HTTP/1.1" 304 - "http://localhost:9000/about" "Mozilla/5.0 (X11; CrOS x86_64 13020.87.0) AppleWebKit/537.36 (KHTML, like Gecko) Chrome/83.0.4103.119 Safari/537.36" "AXNNqIPWxxAuYIFOAAAL"
0:0:0:0:0:0:0:1 - - [14/Jul/2020:10:09:17 -0400] "GET /images/scanner-logos/gradle.svg HTTP/1.1" 304 - "http://localhost:9000/about" "Mozilla/5.0 (X11; CrOS x86_64 13020.87.0) AppleWebKit/537.36 (KHTML, like Gecko) Chrome/83.0.4103.119 Safari/537.36" "AXNNqIPWxxAuYIFOAAAM"
0:0:0:0:0:0:0:1 - - [14/Jul/2020:10:09:17 -0400] "GET /images/scanner-logos/jenkins.svg HTTP/1.1" 304 - "http://localhost:9000/about" "Mozilla/5.0 (X11; CrOS x86_64 13020.87.0) AppleWebKit/537.36 (KHTML, like Gecko) Chrome/83.0.4103.119 Safari/537.36" "AXNNqIPWxxAuYIFOAAAN"
0:0:0:0:0:0:0:1 - - [14/Jul/2020:10:09:17 -0400] "GET /images/scanner-logos/ant.svg HTTP/1.1" 304 - "http://localhost:9000/about" "Mozilla/5.0 (X11; CrOS x86_64 13020.87.0) AppleWebKit/537.36 (KHTML, like Gecko) Chrome/83.0.4103.119 Safari/537.36" "AXNNqIPWxxAuYIFOAAAO"
0:0:0:0:0:0:0:1 - - [14/Jul/2020:10:09:17 -0400] "GET /api/settings/values?keys=sonar.lf.aboutText HTTP/1.1" 200 15 "http://localhost:9000/about" "Mozilla/5.0 (X11; CrOS x86_64 13020.87.0) AppleWebKit/537.36 (KHTML, like Gecko) Chrome/83.0.4103.119 Safari/537.36" "AXNNqIPWxxAuYIFOAAAH"
0:0:0:0:0:0:0:1 - - [14/Jul/2020:10:09:19 -0400] "GET /api/components/search_projects?ps=1 HTTP/1.1" 200 214 "http://localhost:9000/about" "Mozilla/5.0 (X11; CrOS x86_64 13020.87.0) AppleWebKit/537.36 (KHTML, like Gecko) Chrome/83.0.4103.119 Safari/537.36" "AXNNqIPWxxAuYIFOAAAF"
0:0:0:0:0:0:0:1 - - [14/Jul/2020:10:09:19 -0400] "GET /api/issues/search?resolved=false&facets=types&ps=1&additionalFields=_all HTTP/1.1" 200 - "http://localhost:9000/about" "Mozilla/5.0 (X11; CrOS x86_64 13020.87.0) AppleWebKit/537.36 (KHTML, like Gecko) Chrome/83.0.4103.119 Safari/537.36" "AXNNqIPWxxAuYIFOAAAG"
0:0:0:0:0:0:0:1 - - [14/Jul/2020:10:09:26 -0400] "GET /api/issues/search?componentKeys=test1 HTTP/1.1" 200 - "-" "python-requests/2.21.0" "AXNNqIPWxxAuYIFOAAAP"
0:0:0:0:0:0:0:1 - - [14/Jul/2020:10:14:30 -0400] "GET /api/issues/search?componentKeys=test1 HTTP/1.1" 200 - "-" "python-requests/2.21.0" "AXNNqIPWxxAuYIFOAAAQ"
0:0:0:0:0:0:0:1 - - [14/Jul/2020:10:14:47 -0400] "GET /api/issues/search?componentKeys=test1 HTTP/1.1" 200 - "-" "python-requests/2.21.0" "AXNNqIPWxxAuYIFOAAAR"
0:0:0:0:0:0:0:1 - - [14/Jul/2020:10:15:33 -0400] "GET /api/issues/search?componentKeys=test1 HTTP/1.1" 200 - "-" "python-requests/2.21.0" "AXNNqIPWxxAuYIFOAAAS"
0:0:0:0:0:0:0:1 - - [14/Jul/2020:10:17:39 -0400] "GET /api/issues/search?componentKeys=test1 HTTP/1.1" 200 - "-" "python-requests/2.21.0" "AXNNqIPWxxAuYIFOAAAT"
0:0:0:0:0:0:0:1 - - [14/Jul/2020:10:21:59 -0400] "GET /api/issues/search?componentKeys=test1 HTTP/1.1" 200 - "-" "python-requests/2.21.0" "AXNNqIPWxxAuYIFOAAAU"
0:0:0:0:0:0:0:1 - - [14/Jul/2020:10:23:37 -0400] "GET /api/issues/search?componentKeys=test1 HTTP/1.1" 200 - "-" "python-requests/2.21.0" "AXNNqIPWxxAuYIFOAAAV"
0:0:0:0:0:0:0:1 - - [14/Jul/2020:10:24:43 -0400] "GET /api/issues/search?componentKeys=test1 HTTP/1.1" 200 - "-" "python-requests/2.21.0" "AXNNqIPWxxAuYIFOAAAW"
0:0:0:0:0:0:0:1 - - [14/Jul/2020:10:27:02 -0400] "GET /api/issues/search?componentKeys=test1 HTTP/1.1" 200 - "-" "python-requests/2.21.0" "AXNNqIPWxxAuYIFOAAAX"
0:0:0:0:0:0:0:1 - - [14/Jul/2020:10:28:25 -0400] "GET /api/issues/search?componentKeys=test1 HTTP/1.1" 200 - "-" "python-requests/2.21.0" "AXNNqIPWxxAuYIFOAAAY"
0:0:0:0:0:0:0:1 - - [14/Jul/2020:10:29:04 -0400] "GET /api/issues/search?componentKeys=test1 HTTP/1.1" 200 - "-" "python-requests/2.21.0" "AXNNqIPWxxAuYIFOAAAZ"
0:0:0:0:0:0:0:1 - - [14/Jul/2020:10:33:29 -0400] "GET /api/issues/search?componentKeys=test1 HTTP/1.1" 200 - "-" "python-requests/2.21.0" "AXNNqIPWxxAuYIFOAAAa"
0:0:0:0:0:0:0:1 - - [14/Jul/2020:10:33:46 -0400] "GET /api/issues/search?componentKeys=test1 HTTP/1.1" 200 - "-" "python-requests/2.21.0" "AXNNqIPWxxAuYIFOAAAb"
0:0:0:0:0:0:0:1 - - [14/Jul/2020:10:33:52 -0400] "GET /api/issues/search?componentKeys=test1 HTTP/1.1" 200 - "-" "python-requests/2.21.0" "AXNNqIPWxxAuYIFOAAAc"
0:0:0:0:0:0:0:1 - - [14/Jul/2020:10:34:22 -0400] "GET /api/issues/search?componentKeys=test1 HTTP/1.1" 200 - "-" "python-requests/2.21.0" "AXNNqIPWxxAuYIFOAAAd"
0:0:0:0:0:0:0:1 - - [14/Jul/2020:10:34:47 -0400] "GET /api/issues/search?componentKeys=test1 HTTP/1.1" 200 - "-" "python-requests/2.21.0" "AXNNqIPWxxAuYIFOAAAe"
0:0:0:0:0:0:0:1 - - [14/Jul/2020:10:52:41 -0400] "GET /api/issues/search?componentKeys=test1 HTTP/1.1" 200 - "-" "Mozilla/5.0 (X11; CrOS x86_64 13020.87.0) AppleWebKit/537.36 (KHTML, like Gecko) Chrome/83.0.4103.119 Safari/537.36" "AXNNqIPWxxAuYIFOAAAf"
0:0:0:0:0:0:0:1 - - [14/Jul/2020:10:55:40 -0400] "GET /api/issues/search?componentKeys=test1 HTTP/1.1" 200 - "-" "python-requests/2.21.0" "AXNNqIPWxxAuYIFOAAAg"
0:0:0:0:0:0:0:1 - - [14/Jul/2020:11:06:48 -0400] "GET /api/issues/search?componentKeys=test1 HTTP/1.1" 200 - "-" "python-requests/2.21.0" "AXNNqIPWxxAuYIFOAAAh"
0:0:0:0:0:0:0:1 - - [14/Jul/2020:16:14:05 -0400] "GET /api/issues/search?componentKeys=test1 HTTP/1.1" 200 - "-" "python-requests/2.21.0" "AXNNqIPWxxAuYIFOAAAi"
0:0:0:0:0:0:0:1 - - [14/Jul/2020:16:16:43 -0400] "GET /api/issues/search?componentKeys=test1 HTTP/1.1" 200 - "-" "Mozilla/5.0 (X11; CrOS x86_64 13020.87.0) AppleWebKit/537.36 (KHTML, like Gecko) Chrome/83.0.4103.119 Safari/537.36" "AXNNqIPWxxAuYIFOAAAj"
