2020.07.08 10:00:43 INFO  es[][o.e.e.NodeEnvironment] using [1] data paths, mounts [[/ (/dev/vdb)]], net usable_space [79.5gb], net total_space [89.5gb], types [btrfs]
2020.07.08 10:00:43 INFO  es[][o.e.e.NodeEnvironment] heap size [494.9mb], compressed ordinary object pointers [true]
2020.07.08 10:00:43 INFO  es[][o.e.n.Node] node name [sonarqube], node ID [MRCJgcl3QKW6i7pplNd87A]
2020.07.08 10:00:43 INFO  es[][o.e.n.Node] version[6.8.4], pid[3035], build[default/tar/bca0c8d/2019-10-16T06:19:49.319352Z], OS[Linux/4.19.113-08528-g5803a1c7e9f9/amd64], JVM[Debian/OpenJDK 64-Bit Server VM/11.0.7/11.0.7+10-post-Debian-3deb10u1]
2020.07.08 10:00:43 INFO  es[][o.e.n.Node] JVM arguments [-XX:+UseConcMarkSweepGC, -XX:CMSInitiatingOccupancyFraction=75, -XX:+UseCMSInitiatingOccupancyOnly, -Des.networkaddress.cache.ttl=60, -Des.networkaddress.cache.negative.ttl=10, -XX:+AlwaysPreTouch, -Xss1m, -Djava.awt.headless=true, -Dfile.encoding=UTF-8, -Djna.nosys=true, -XX:-OmitStackTraceInFastThrow, -Dio.netty.noUnsafe=true, -Dio.netty.noKeySetOptimization=true, -Dio.netty.recycler.maxCapacityPerThread=0, -Dlog4j.shutdownHookEnabled=false, -Dlog4j2.disable.jmx=true, -Djava.io.tmpdir=/home/aagubuzo/sonarqube-8.3.1.34397/temp, -XX:ErrorFile=../logs/es_hs_err_pid%p.log, -Xmx512m, -Xms512m, -XX:+HeapDumpOnOutOfMemoryError, -Des.path.home=/home/aagubuzo/sonarqube-8.3.1.34397/elasticsearch, -Des.path.conf=/home/aagubuzo/sonarqube-8.3.1.34397/temp/conf/es, -Des.distribution.flavor=default, -Des.distribution.type=tar]
2020.07.08 10:00:43 INFO  es[][o.e.p.PluginsService] loaded module [analysis-common]
2020.07.08 10:00:43 INFO  es[][o.e.p.PluginsService] loaded module [lang-painless]
2020.07.08 10:00:43 INFO  es[][o.e.p.PluginsService] loaded module [mapper-extras]
2020.07.08 10:00:43 INFO  es[][o.e.p.PluginsService] loaded module [parent-join]
2020.07.08 10:00:43 INFO  es[][o.e.p.PluginsService] loaded module [percolator]
2020.07.08 10:00:43 INFO  es[][o.e.p.PluginsService] loaded module [reindex]
2020.07.08 10:00:43 INFO  es[][o.e.p.PluginsService] loaded module [repository-url]
2020.07.08 10:00:43 INFO  es[][o.e.p.PluginsService] loaded module [transport-netty4]
2020.07.08 10:00:43 INFO  es[][o.e.p.PluginsService] no plugins loaded
2020.07.08 10:00:46 WARN  es[][o.e.d.c.s.Settings] [http.enabled] setting was deprecated in Elasticsearch and will be removed in a future release! See the breaking changes documentation for the next major version.
2020.07.08 10:00:47 INFO  es[][o.e.d.DiscoveryModule] using discovery type [zen] and host providers [settings]
2020.07.08 10:00:48 INFO  es[][o.e.n.Node] initialized
2020.07.08 10:00:48 INFO  es[][o.e.n.Node] starting ...
2020.07.08 10:00:48 INFO  es[][o.e.t.TransportService] publish_address {127.0.0.1:9001}, bound_addresses {127.0.0.1:9001}
2020.07.08 10:00:51 INFO  es[][o.e.c.s.MasterService] zen-disco-elected-as-master ([0] nodes joined), reason: new_master {sonarqube}{MRCJgcl3QKW6i7pplNd87A}{3upqWGOOQcmjiGl0cP_MAA}{127.0.0.1}{127.0.0.1:9001}{rack_id=sonarqube}
2020.07.08 10:00:51 INFO  es[][o.e.c.s.ClusterApplierService] new_master {sonarqube}{MRCJgcl3QKW6i7pplNd87A}{3upqWGOOQcmjiGl0cP_MAA}{127.0.0.1}{127.0.0.1:9001}{rack_id=sonarqube}, reason: apply cluster state (from master [master {sonarqube}{MRCJgcl3QKW6i7pplNd87A}{3upqWGOOQcmjiGl0cP_MAA}{127.0.0.1}{127.0.0.1:9001}{rack_id=sonarqube} committed version [1] source [zen-disco-elected-as-master ([0] nodes joined)]])
2020.07.08 10:00:51 INFO  es[][o.e.n.Node] started
2020.07.08 10:00:51 INFO  es[][o.e.g.GatewayService] recovered [0] indices into cluster_state
2020.07.08 10:01:03 INFO  es[][o.e.c.m.MetaDataCreateIndexService] [metadatas] creating index, cause [api], templates [], shards [1]/[0], mappings []
2020.07.08 10:01:03 INFO  es[][o.e.c.r.a.AllocationService] Cluster health status changed from [YELLOW] to [GREEN] (reason: [shards started [[metadatas][0]] ...]).
2020.07.08 10:01:03 INFO  es[][o.e.c.m.MetaDataMappingService] [metadatas/IedLheDlSUqbw8oriCls2w] create_mapping [metadata]
2020.07.08 10:01:04 INFO  es[][o.e.c.m.MetaDataCreateIndexService] [components] creating index, cause [api], templates [], shards [5]/[0], mappings []
2020.07.08 10:01:05 INFO  es[][o.e.c.r.a.AllocationService] Cluster health status changed from [YELLOW] to [GREEN] (reason: [shards started [[components][4]] ...]).
2020.07.08 10:01:05 INFO  es[][o.e.c.m.MetaDataMappingService] [components/4gi1MSonQ8C4KxBsXP6e4A] create_mapping [auth]
2020.07.08 10:01:05 INFO  es[][o.e.c.m.MetaDataCreateIndexService] [projectmeasures] creating index, cause [api], templates [], shards [5]/[0], mappings []
2020.07.08 10:01:06 INFO  es[][o.e.c.r.a.AllocationService] Cluster health status changed from [YELLOW] to [GREEN] (reason: [shards started [[projectmeasures][4]] ...]).
2020.07.08 10:01:06 INFO  es[][o.e.c.m.MetaDataMappingService] [projectmeasures/2piLRuWlQdqcZjZGQN5jyA] create_mapping [auth]
2020.07.08 10:01:06 INFO  es[][o.e.c.m.MetaDataCreateIndexService] [rules] creating index, cause [api], templates [], shards [2]/[0], mappings []
2020.07.08 10:01:07 INFO  es[][o.e.c.r.a.AllocationService] Cluster health status changed from [YELLOW] to [GREEN] (reason: [shards started [[rules][0]] ...]).
2020.07.08 10:01:07 INFO  es[][o.e.c.m.MetaDataMappingService] [rules/K1baUO7dS5-OugmFOohF1A] create_mapping [rule]
2020.07.08 10:01:07 INFO  es[][o.e.c.m.MetaDataCreateIndexService] [issues] creating index, cause [api], templates [], shards [5]/[0], mappings []
2020.07.08 10:01:08 INFO  es[][o.e.c.r.a.AllocationService] Cluster health status changed from [YELLOW] to [GREEN] (reason: [shards started [[issues][4]] ...]).
2020.07.08 10:01:08 INFO  es[][o.e.c.m.MetaDataMappingService] [issues/KU_V3C4XTCSIG37ph37Thg] create_mapping [auth]
2020.07.08 10:01:08 INFO  es[][o.e.c.m.MetaDataCreateIndexService] [users] creating index, cause [api], templates [], shards [1]/[0], mappings []
2020.07.08 10:01:08 INFO  es[][o.e.c.r.a.AllocationService] Cluster health status changed from [YELLOW] to [GREEN] (reason: [shards started [[users][0]] ...]).
2020.07.08 10:01:08 INFO  es[][o.e.c.m.MetaDataMappingService] [users/q6QlF5hKSvKBUXDsqphPfw] create_mapping [user]
2020.07.08 10:01:09 INFO  es[][o.e.c.m.MetaDataCreateIndexService] [views] creating index, cause [api], templates [], shards [5]/[0], mappings []
2020.07.08 10:01:10 INFO  es[][o.e.c.r.a.AllocationService] Cluster health status changed from [YELLOW] to [GREEN] (reason: [shards started [[views][4]] ...]).
2020.07.08 10:01:10 INFO  es[][o.e.c.m.MetaDataMappingService] [views/J7VOwXuhQV6ky9zoAI_HSg] create_mapping [view]
2020.07.08 10:01:45 INFO  es[][o.e.c.s.IndexScopedSettings] updating [index.refresh_interval] from [30s] to [-1]
2020.07.08 10:01:45 INFO  es[][o.e.c.s.IndexScopedSettings] updating [index.refresh_interval] from [30s] to [-1]
2020.07.08 10:01:45 INFO  es[][o.e.c.s.IndexScopedSettings] updating [index.refresh_interval] from [-1] to [30s]
2020.07.08 10:01:45 INFO  es[][o.e.c.s.IndexScopedSettings] updating [index.refresh_interval] from [-1] to [30s]
2020.07.08 10:01:46 INFO  es[][o.e.c.s.IndexScopedSettings] updating [index.refresh_interval] from [30s] to [-1]
2020.07.08 10:01:46 INFO  es[][o.e.c.s.IndexScopedSettings] updating [index.refresh_interval] from [30s] to [-1]
2020.07.08 10:01:46 INFO  es[][o.e.c.s.IndexScopedSettings] updating [index.refresh_interval] from [-1] to [30s]
2020.07.08 10:01:46 INFO  es[][o.e.c.s.IndexScopedSettings] updating [index.refresh_interval] from [-1] to [30s]
2020.07.08 14:25:15 INFO  es[][o.e.m.j.JvmGcMonitorService] [gc][14428] overhead, spent [344ms] collecting in the last [1.2s]
