2020.07.08 10:00:53 INFO  web[][o.s.p.ProcessEntryPoint] Starting web
2020.07.08 10:00:54 INFO  web[][o.a.t.u.n.NioSelectorPool] Using a shared selector for servlet write/read
2020.07.08 10:00:55 INFO  web[][o.e.p.PluginsService] no modules loaded
2020.07.08 10:00:55 INFO  web[][o.e.p.PluginsService] loaded plugin [org.elasticsearch.join.ParentJoinPlugin]
2020.07.08 10:00:55 INFO  web[][o.e.p.PluginsService] loaded plugin [org.elasticsearch.percolator.PercolatorPlugin]
2020.07.08 10:00:55 INFO  web[][o.e.p.PluginsService] loaded plugin [org.elasticsearch.transport.Netty4Plugin]
2020.07.08 10:00:56 INFO  web[][o.s.s.e.EsClientProvider] Connected to local Elasticsearch: [127.0.0.1:9001]
2020.07.08 10:00:56 INFO  web[][o.s.s.p.LogServerVersion] SonarQube Server / 8.3.1.34397 / 054c18b025be038b6343115894bf3ade0508f1e9
2020.07.08 10:00:56 INFO  web[][o.s.s.p.d.EmbeddedDatabase] Starting embedded database on port 9092 with url jdbc:h2:tcp://127.0.0.1:9092/sonar
2020.07.08 10:00:56 INFO  web[][o.s.s.p.d.EmbeddedDatabase] Embedded database started. Data stored in: /home/aagubuzo/sonarqube-8.3.1.34397/data
2020.07.08 10:00:56 INFO  web[][o.sonar.db.Database] Create JDBC data source for jdbc:h2:tcp://127.0.0.1:9092/sonar
2020.07.08 10:00:56 WARN  web[][o.s.db.dialect.H2] H2 database should be used for evaluation purpose only.
2020.07.08 10:00:58 INFO  web[][o.s.s.p.ServerFileSystemImpl] SonarQube home: /home/aagubuzo/sonarqube-8.3.1.34397
2020.07.08 10:00:58 INFO  web[][o.s.s.u.SystemPasscodeImpl] System authentication by passcode is disabled
2020.07.08 10:00:58 INFO  web[][o.s.s.p.d.m.h.MigrationHistoryTableImpl] Creating table schema_migrations
2020.07.08 10:00:58 INFO  web[][o.s.s.p.ServerPluginRepository] Deploy plugin C# Code Quality and Security / 8.6.1.17183 / e9f4299031df68d8c4be6ba670fd4c0395eebf76
2020.07.08 10:00:58 INFO  web[][o.s.s.p.ServerPluginRepository] Deploy plugin Git / 1.11.1.2008 / 204dc9b2cc33ec6b780303f926234eed26aea67d
2020.07.08 10:00:58 INFO  web[][o.s.s.p.ServerPluginRepository] Deploy plugin JaCoCo / 1.1.0.898 / f65b288e6c2888393bd7fb72ad7ac1425f88eebf
2020.07.08 10:00:58 INFO  web[][o.s.s.p.ServerPluginRepository] Deploy plugin Java Code Quality and Security / 6.3.0.21585 / ecf8f9f571691771e6789b8e59ff5e6b4ef36ad8
2020.07.08 10:00:58 INFO  web[][o.s.s.p.ServerPluginRepository] Deploy plugin SonarCSS / 1.2.0.1325 / 8dc9fe17b6230c20715d3b4cb34e0b6d02151afd
2020.07.08 10:00:58 INFO  web[][o.s.s.p.ServerPluginRepository] Deploy plugin SonarFlex / 2.5.1.1831 / a0c44437f6abb0feec76edd073f91fec64db2a6c
2020.07.08 10:00:58 INFO  web[][o.s.s.p.ServerPluginRepository] Deploy plugin SonarGo / 1.6.0.719 / edcc6a9e42fcdd30bb6f84a779c6cd7009ec72fd
2020.07.08 10:00:58 INFO  web[][o.s.s.p.ServerPluginRepository] Deploy plugin SonarHTML / 3.2.0.2082 / 997a51b39c4d0a5399c73a8fb729030a69eb392b
2020.07.08 10:00:58 INFO  web[][o.s.s.p.ServerPluginRepository] Deploy plugin SonarJS / 6.2.0.12043 / 8b9c1eb83d6ecfd2eda2cc3798e593900b6735fd
2020.07.08 10:00:58 INFO  web[][o.s.s.p.ServerPluginRepository] Deploy plugin SonarKotlin / 1.5.0.315 / 4ff3a145a58f3f84f1b39846a205a129d742e993
2020.07.08 10:00:58 INFO  web[][o.s.s.p.ServerPluginRepository] Deploy plugin SonarPHP / 3.3.0.5166 / 88e11dffb965aeef9d5bdd6d8413f394d35fecba
2020.07.08 10:00:58 INFO  web[][o.s.s.p.ServerPluginRepository] Deploy plugin SonarPython / 2.8.0.6204 / 5600d1ed780882d2362bedb3604dbad7ea63eb27
2020.07.08 10:00:58 INFO  web[][o.s.s.p.ServerPluginRepository] Deploy plugin SonarRuby / 1.5.0.315 / 4ff3a145a58f3f84f1b39846a205a129d742e993
2020.07.08 10:00:58 INFO  web[][o.s.s.p.ServerPluginRepository] Deploy plugin SonarScala / 1.5.0.315 / 4ff3a145a58f3f84f1b39846a205a129d742e993
2020.07.08 10:00:58 INFO  web[][o.s.s.p.ServerPluginRepository] Deploy plugin SonarTS / 2.1.0.4359 / 268ba9581b700c4fb2bc194d4069d283da915213
2020.07.08 10:00:58 INFO  web[][o.s.s.p.ServerPluginRepository] Deploy plugin SonarXML / 2.0.1.2020 / c5b84004face582d56f110e24c29bf9c6a679e69
2020.07.08 10:00:58 INFO  web[][o.s.s.p.ServerPluginRepository] Deploy plugin Svn / 1.9.0.1295 / 942e075773975354e32691a60bfd968065703e04
2020.07.08 10:00:58 INFO  web[][o.s.s.p.ServerPluginRepository] Deploy plugin VB.NET Code Quality and Security / 8.6.1.17183 / e9f4299031df68d8c4be6ba670fd4c0395eebf76
2020.07.08 10:00:59 INFO  web[][o.s.s.p.d.m.AutoDbMigration] Automatically perform DB migration on fresh install
2020.07.08 10:00:59 INFO  web[][DbMigrations] Executing DB migrations...
2020.07.08 10:00:59 INFO  web[][DbMigrations] #1 'Create initial schema'...
2020.07.08 10:00:59 INFO  web[][DbMigrations] #1 'Create initial schema': success | time=269ms
2020.07.08 10:00:59 INFO  web[][DbMigrations] #2 'Populate initial schema'...
2020.07.08 10:00:59 INFO  web[][DbMigrations] #2 'Populate initial schema': success | time=37ms
2020.07.08 10:00:59 INFO  web[][DbMigrations] #3000 'Set Organizations#guarded column nullable'...
2020.07.08 10:00:59 INFO  web[][DbMigrations] #3000 'Set Organizations#guarded column nullable': success | time=4ms
2020.07.08 10:00:59 INFO  web[][DbMigrations] #3001 'Create ProjectQualityGates table'...
2020.07.08 10:00:59 INFO  web[][DbMigrations] #3001 'Create ProjectQualityGates table': success | time=16ms
2020.07.08 10:00:59 INFO  web[][DbMigrations] #3002 'Make index on DEPRECATED_RULE_KEYS.RULE_ID non unique'...
2020.07.08 10:01:00 INFO  web[][DbMigrations] #3002 'Make index on DEPRECATED_RULE_KEYS.RULE_ID non unique': success | time=6ms
2020.07.08 10:01:00 INFO  web[][DbMigrations] #3003 'Populate ProjectQualityGate table from Properties table'...
2020.07.08 10:01:00 INFO  web[][DbMigrations] #3003 'Populate ProjectQualityGate table from Properties table': success | time=18ms
2020.07.08 10:01:00 INFO  web[][DbMigrations] #3004 'Rename ANALYSIS_PROPERTIES.SNAPSHOT_UUID to ANALYSIS_UUID'...
2020.07.08 10:01:00 INFO  web[][DbMigrations] #3004 'Rename ANALYSIS_PROPERTIES.SNAPSHOT_UUID to ANALYSIS_UUID': success | time=8ms
2020.07.08 10:01:00 INFO  web[][DbMigrations] #3005 'Remove default quality gate property from Properties table'...
2020.07.08 10:01:00 INFO  web[][DbMigrations] #3005 'Remove default quality gate property from Properties table': success | time=5ms
2020.07.08 10:01:00 INFO  web[][DbMigrations] #3006 'Create NEW_CODE_PERIOD table'...
2020.07.08 10:01:00 INFO  web[][DbMigrations] #3006 'Create NEW_CODE_PERIOD table': success | time=12ms
2020.07.08 10:01:00 INFO  web[][DbMigrations] #3007 'Populate NEW_CODE_PERIOD table'...
2020.07.08 10:01:00 INFO  web[][DbMigrations] #3007 'Populate NEW_CODE_PERIOD table': success | time=12ms
2020.07.08 10:01:00 INFO  web[][DbMigrations] #3008 'Remove leak period properties'...
2020.07.08 10:01:00 INFO  web[][DbMigrations] #3008 'Remove leak period properties': success | time=5ms
2020.07.08 10:01:00 INFO  web[][DbMigrations] #3009 'Remove GitHub login generation strategy property'...
2020.07.08 10:01:00 INFO  web[][DbMigrations] #3009 'Remove GitHub login generation strategy property': success | time=5ms
2020.07.08 10:01:00 INFO  web[][DbMigrations] #3100 'Create ALM_SETTINGS table'...
2020.07.08 10:01:00 INFO  web[][DbMigrations] #3100 'Create ALM_SETTINGS table': success | time=10ms
2020.07.08 10:01:00 INFO  web[][DbMigrations] #3101 'Create PROJECT_ALM_SETTINGS table'...
2020.07.08 10:01:00 INFO  web[][DbMigrations] #3101 'Create PROJECT_ALM_SETTINGS table': success | time=13ms
2020.07.08 10:01:00 INFO  web[][DbMigrations] #3102 'Migrate property 'sonar.alm.github.app.privateKey.secured' to 'sonar.alm.github.app.privateKeyContent.secured''...
2020.07.08 10:01:00 INFO  web[][o.s.s.p.d.m.s.MassUpdate] 0 rows processed (0 items/sec)
2020.07.08 10:01:00 INFO  web[][DbMigrations] #3102 'Migrate property 'sonar.alm.github.app.privateKey.secured' to 'sonar.alm.github.app.privateKeyContent.secured'': success | time=14ms
2020.07.08 10:01:00 INFO  web[][DbMigrations] #3103 'Migrate GitHub ALM settings from PROPERTIES to ALM_SETTINGS tables'...
2020.07.08 10:01:00 INFO  web[][DbMigrations] #3103 'Migrate GitHub ALM settings from PROPERTIES to ALM_SETTINGS tables': success | time=8ms
2020.07.08 10:01:00 INFO  web[][DbMigrations] #3104 'Migrate Bitbucket ALM settings from PROPERTIES to ALM_SETTINGS tables'...
2020.07.08 10:01:00 INFO  web[][DbMigrations] #3104 'Migrate Bitbucket ALM settings from PROPERTIES to ALM_SETTINGS tables': success | time=8ms
2020.07.08 10:01:00 INFO  web[][DbMigrations] #3105 'Migrate Azure ALM settings from PROPERTIES to ALM_SETTINGS tables'...
2020.07.08 10:01:00 INFO  web[][DbMigrations] #3105 'Migrate Azure ALM settings from PROPERTIES to ALM_SETTINGS tables': success | time=7ms
2020.07.08 10:01:00 INFO  web[][DbMigrations] #3106 'Delete 'sonar.pullrequest.provider' property'...
2020.07.08 10:01:00 INFO  web[][o.s.s.p.d.m.s.MassUpdate] 0 rows processed (0 items/sec)
2020.07.08 10:01:00 INFO  web[][DbMigrations] #3106 'Delete 'sonar.pullrequest.provider' property': success | time=12ms
2020.07.08 10:01:00 INFO  web[][DbMigrations] #3107 'Migrate default branches to keep global setting'...
2020.07.08 10:01:00 INFO  web[][DbMigrations] #3107 'Migrate default branches to keep global setting': success | time=17ms
2020.07.08 10:01:00 INFO  web[][DbMigrations] #3108 'Add EXCLUDE_FROM_PURGE column'...
2020.07.08 10:01:00 INFO  web[][DbMigrations] #3108 'Add EXCLUDE_FROM_PURGE column': success | time=11ms
2020.07.08 10:01:00 INFO  web[][DbMigrations] #3109 'Populate EXCLUDE_FROM_PURGE column'...
2020.07.08 10:01:00 INFO  web[][DbMigrations] #3109 'Populate EXCLUDE_FROM_PURGE column': success | time=5ms
2020.07.08 10:01:00 INFO  web[][DbMigrations] #3110 'Remove 'sonar.branch.longLivedBranches.regex''...
2020.07.08 10:01:00 INFO  web[][DbMigrations] #3110 'Remove 'sonar.branch.longLivedBranches.regex'': success | time=4ms
2020.07.08 10:01:00 INFO  web[][DbMigrations] #3111 'Rename 'sonar.dbcleaner.daysBeforeDeletingInactiveShortLivingBranches' setting'...
2020.07.08 10:01:00 INFO  web[][DbMigrations] #3111 'Rename 'sonar.dbcleaner.daysBeforeDeletingInactiveShortLivingBranches' setting': success | time=15ms
2020.07.08 10:01:00 INFO  web[][DbMigrations] #3112 'Migrate short and long living branches types to common BRANCH type'...
2020.07.08 10:01:00 INFO  web[][DbMigrations] #3112 'Migrate short and long living branches types to common BRANCH type': success | time=5ms
2020.07.08 10:01:00 INFO  web[][DbMigrations] #3113 'Migrate short and long living branches types to common BRANCH type in ce tasks table'...
2020.07.08 10:01:00 INFO  web[][DbMigrations] #3113 'Migrate short and long living branches types to common BRANCH type in ce tasks table': success | time=5ms
2020.07.08 10:01:00 INFO  web[][DbMigrations] #3200 'Drop 'In Review' Security Hotspots status '...
2020.07.08 10:01:00 INFO  web[][o.s.s.p.d.m.s.MassUpdate] 0 rows processed (0 items/sec)
2020.07.08 10:01:00 INFO  web[][DbMigrations] #3200 'Drop 'In Review' Security Hotspots status ': success | time=9ms
2020.07.08 10:01:00 INFO  web[][DbMigrations] #3201 'Migrate Manual Vulnerabilities to Security Hotspots '...
2020.07.08 10:01:00 INFO  web[][o.s.s.p.d.m.s.MassUpdate] 0 rows processed (0 items/sec)
2020.07.08 10:01:00 INFO  web[][DbMigrations] #3201 'Migrate Manual Vulnerabilities to Security Hotspots ': success | time=10ms
2020.07.08 10:01:00 INFO  web[][DbMigrations] #3202 'Remove 'newsbox.dismiss.hotspots' user property'...
2020.07.08 10:01:00 INFO  web[][DbMigrations] #3202 'Remove 'newsbox.dismiss.hotspots' user property': success | time=6ms
2020.07.08 10:01:00 INFO  web[][DbMigrations] #3203 'Ensure Security Hotspots have status TO_REVIEW'...
2020.07.08 10:01:00 INFO  web[][o.s.s.p.d.m.s.MassUpdate] 0 rows processed (0 items/sec)
2020.07.08 10:01:00 INFO  web[][DbMigrations] #3203 'Ensure Security Hotspots have status TO_REVIEW': success | time=9ms
2020.07.08 10:01:00 INFO  web[][DbMigrations] #3204 'Rename table 'PROJECTS' to 'COMPONENTS''...
2020.07.08 10:01:00 INFO  web[][DbMigrations] #3204 'Rename table 'PROJECTS' to 'COMPONENTS'': success | time=5ms
2020.07.08 10:01:00 INFO  web[][DbMigrations] #3205 'Add PROJECTS table'...
2020.07.08 10:01:00 INFO  web[][DbMigrations] #3205 'Add PROJECTS table': success | time=37ms
2020.07.08 10:01:00 INFO  web[][DbMigrations] #3206 'Populate PROJECTS table'...
2020.07.08 10:01:00 INFO  web[][o.s.s.p.d.m.s.MassUpdate] 0 projects processed (0 items/sec)
2020.07.08 10:01:00 INFO  web[][DbMigrations] #3206 'Populate PROJECTS table': success | time=12ms
2020.07.08 10:01:00 INFO  web[][DbMigrations] #3207 'Drop 'TAGS' column from COMPONENTS table'...
2020.07.08 10:01:00 INFO  web[][DbMigrations] #3207 'Drop 'TAGS' column from COMPONENTS table': success | time=49ms
2020.07.08 10:01:00 INFO  web[][DbMigrations] #3208 'Remove old Security Review Rating measures'...
2020.07.08 10:01:00 INFO  web[][DbMigrations] #3208 'Remove old Security Review Rating measures': success | time=5ms
2020.07.08 10:01:00 INFO  web[][DbMigrations] #3209 'Create ALM_PATS table'...
2020.07.08 10:01:00 INFO  web[][DbMigrations] #3209 'Create ALM_PATS table': success | time=9ms
2020.07.08 10:01:00 INFO  web[][DbMigrations] #3210 'Add index on ALM_slug'...
2020.07.08 10:01:00 INFO  web[][DbMigrations] #3210 'Add index on ALM_slug': success | time=8ms
2020.07.08 10:01:00 INFO  web[][DbMigrations] #3211 'Delete conditions using 'security_hotspots' and 'new_security_hotspots' metrics'...
2020.07.08 10:01:00 INFO  web[][o.s.s.p.d.m.s.MassUpdate] 0 rows processed (0 items/sec)
2020.07.08 10:01:00 INFO  web[][DbMigrations] #3211 'Delete conditions using 'security_hotspots' and 'new_security_hotspots' metrics': success | time=8ms
2020.07.08 10:01:00 INFO  web[][DbMigrations] #3300 'Add 'summary_comment_enabled' boolean column to 'project_alm_settings''...
2020.07.08 10:01:00 INFO  web[][DbMigrations] #3300 'Add 'summary_comment_enabled' boolean column to 'project_alm_settings'': success | time=15ms
2020.07.08 10:01:00 INFO  web[][DbMigrations] #3301 'Enable 'summary_comment_enabled' for GitHub based projects'...
2020.07.08 10:01:00 INFO  web[][o.s.s.p.d.m.s.MassUpdate] 0 rows processed (0 items/sec)
2020.07.08 10:01:00 INFO  web[][DbMigrations] #3301 'Enable 'summary_comment_enabled' for GitHub based projects': success | time=7ms
2020.07.08 10:01:00 INFO  web[][DbMigrations] #3302 'Add 'component_uuid' column to 'properties''...
2020.07.08 10:01:00 INFO  web[][DbMigrations] #3302 'Add 'component_uuid' column to 'properties'': success | time=9ms
2020.07.08 10:01:00 INFO  web[][DbMigrations] #3303 'Migrate 'resource_id' to 'component_uuid' in 'properties''...
2020.07.08 10:01:00 INFO  web[][o.s.s.p.d.m.s.MassUpdate] 0 rows processed (0 items/sec)
2020.07.08 10:01:00 INFO  web[][DbMigrations] #3303 'Migrate 'resource_id' to 'component_uuid' in 'properties'': success | time=10ms
2020.07.08 10:01:00 INFO  web[][DbMigrations] #3304 'Remove column 'resource_id' in 'properties''...
2020.07.08 10:01:00 INFO  web[][DbMigrations] #3304 'Remove column 'resource_id' in 'properties'': success | time=8ms
2020.07.08 10:01:00 INFO  web[][DbMigrations] #3305 'Add 'component_uuid' column to 'group_roles''...
2020.07.08 10:01:00 INFO  web[][DbMigrations] #3305 'Add 'component_uuid' column to 'group_roles'': success | time=13ms
2020.07.08 10:01:00 INFO  web[][DbMigrations] #3306 'Migrate 'resource_id' to 'component_uuid' in 'group_roles''...
2020.07.08 10:01:00 INFO  web[][o.s.s.p.d.m.s.MassUpdate] 0 rows processed (0 items/sec)
2020.07.08 10:01:00 INFO  web[][DbMigrations] #3306 'Migrate 'resource_id' to 'component_uuid' in 'group_roles'': success | time=12ms
2020.07.08 10:01:00 INFO  web[][DbMigrations] #3307 'Remove column 'resource_id' in 'group_roles''...
2020.07.08 10:01:00 INFO  web[][DbMigrations] #3307 'Remove column 'resource_id' in 'group_roles'': success | time=12ms
2020.07.08 10:01:00 INFO  web[][DbMigrations] #3308 'Add 'component_uuid' column to 'user_roles''...
2020.07.08 10:01:00 INFO  web[][DbMigrations] #3308 'Add 'component_uuid' column to 'user_roles'': success | time=10ms
2020.07.08 10:01:00 INFO  web[][DbMigrations] #3309 'Migrate 'resource_id' to 'component_uuid' in 'user_roles''...
2020.07.08 10:01:00 INFO  web[][o.s.s.p.d.m.s.MassUpdate] 0 rows processed (0 items/sec)
2020.07.08 10:01:00 INFO  web[][DbMigrations] #3309 'Migrate 'resource_id' to 'component_uuid' in 'user_roles'': success | time=17ms
2020.07.08 10:01:00 INFO  web[][DbMigrations] #3310 'Remove column 'resource_id' in 'user_roles''...
2020.07.08 10:01:00 INFO  web[][DbMigrations] #3310 'Remove column 'resource_id' in 'user_roles'': success | time=7ms
2020.07.08 10:01:00 INFO  web[][DbMigrations] #3311 'Remove column 'id' in 'components''...
2020.07.08 10:01:00 INFO  web[][DbMigrations] #3311 'Remove column 'id' in 'components'': success | time=16ms
2020.07.08 10:01:00 INFO  web[][DbMigrations] Executed DB migrations: success | time=878ms
2020.07.08 10:01:00 INFO  web[][o.s.s.p.Platform] Database has been automatically updated
2020.07.08 10:01:00 INFO  web[][o.s.s.p.w.MasterServletFilter] Initializing servlet filter org.sonar.server.platform.web.WebServiceFilter@5a967cab [pattern=UrlPattern{inclusions=[/api/system/migrate_db.*, ...], exclusions=[/api/components/update_key, ...]}]
2020.07.08 10:01:00 INFO  web[][o.s.s.a.EmbeddedTomcat] HTTP connector enabled on port 9000
2020.07.08 10:01:02 INFO  web[][o.s.s.p.UpdateCenterClient] Update center: https://update.sonarsource.org/update-center.properties (no proxy)
2020.07.08 10:01:03 INFO  web[][o.s.s.e.IndexCreator] Create index [metadatas]
2020.07.08 10:01:03 INFO  web[][o.s.s.e.IndexCreator] Create type metadatas/metadata
2020.07.08 10:01:04 INFO  web[][o.s.s.e.IndexCreator] Create index [components]
2020.07.08 10:01:05 INFO  web[][o.s.s.e.IndexCreator] Create type components/auth
2020.07.08 10:01:05 INFO  web[][o.s.s.e.IndexCreator] Create index [projectmeasures]
2020.07.08 10:01:06 INFO  web[][o.s.s.e.IndexCreator] Create type projectmeasures/auth
2020.07.08 10:01:06 INFO  web[][o.s.s.e.IndexCreator] Create index [rules]
2020.07.08 10:01:07 INFO  web[][o.s.s.e.IndexCreator] Create type rules/rule
2020.07.08 10:01:07 INFO  web[][o.s.s.e.IndexCreator] Create index [issues]
2020.07.08 10:01:08 INFO  web[][o.s.s.e.IndexCreator] Create type issues/auth
2020.07.08 10:01:08 INFO  web[][o.s.s.e.IndexCreator] Create index [users]
2020.07.08 10:01:08 INFO  web[][o.s.s.e.IndexCreator] Create type users/user
2020.07.08 10:01:09 INFO  web[][o.s.s.e.IndexCreator] Create index [views]
2020.07.08 10:01:10 INFO  web[][o.s.s.e.IndexCreator] Create type views/view
2020.07.08 10:01:10 INFO  web[][o.s.s.s.LogServerId] Server ID: BF41A1F2-AXMuuswXQxSe0PHI1WFU
2020.07.08 10:01:10 WARN  web[][o.s.s.a.LogOAuthWarning] For security reasons, OAuth authentication should use HTTPS. You should set the property 'Administration > Configuration > Server base URL' to a HTTPS URL.
2020.07.08 10:01:10 WARN  web[][o.s.a.s.w.WebService$Action] The response example is not set on action api/plugins/download
2020.07.08 10:01:10 WARN  web[][o.s.a.s.w.WebService$Action] The response example is not set on action api/permissions/search_templates
2020.07.08 10:01:10 INFO  web[][o.s.s.t.TelemetryDaemon] Sharing of SonarQube statistics is enabled.
2020.07.08 10:01:10 INFO  web[][o.s.s.n.NotificationDaemon] Notification service started (delay 60 sec.)
2020.07.08 10:01:10 INFO  web[][o.s.s.s.GeneratePluginIndex] Generate scanner plugin index
2020.07.08 10:01:10 INFO  web[][o.s.s.s.RegisterPlugins] Register plugins
2020.07.08 10:01:10 INFO  web[][o.s.s.s.RegisterMetrics] Register metrics
2020.07.08 10:01:10 INFO  web[][o.s.s.q.RegisterQualityGates] Built-in quality gate's conditions of [Sonar way] has been updated
2020.07.08 10:01:10 INFO  web[][o.s.s.r.RegisterRules] Register rules
2020.07.08 10:01:25 WARN  web[][o.s.s.r.i.RuleIndexer] Rule java:S2647 with CWEs '311, 522' maps to multiple SQ Security Categories: auth, insecure-conf
2020.07.08 10:01:26 WARN  web[][o.s.s.r.i.RuleIndexer] Rule java:S4787 with CWEs '321, 322, 323, 324, 522, 325, 326, 327' maps to multiple SQ Security Categories: weak-cryptography, auth
2020.07.08 10:01:28 WARN  web[][o.s.s.r.i.RuleIndexer] Rule csharpsquid:S4787 with CWEs '321, 322, 323, 324, 522, 325, 326, 327' maps to multiple SQ Security Categories: weak-cryptography, auth
2020.07.08 10:01:29 WARN  web[][o.s.s.r.i.RuleIndexer] Rule typescript:S4787 with CWEs '321, 322, 323, 324, 522, 325, 326, 327' maps to multiple SQ Security Categories: weak-cryptography, auth
2020.07.08 10:01:29 WARN  web[][o.s.s.r.i.RuleIndexer] Rule typescript:S1523 with CWEs '95, 470' maps to multiple SQ Security Categories: rce, object-injection
2020.07.08 10:01:30 WARN  web[][o.s.s.r.i.RuleIndexer] Rule vbnet:S4787 with CWEs '321, 322, 323, 324, 522, 325, 326, 327' maps to multiple SQ Security Categories: weak-cryptography, auth
2020.07.08 10:01:31 WARN  web[][o.s.s.r.i.RuleIndexer] Rule python:S4787 with CWEs '321, 322, 323, 324, 522, 325, 326, 327' maps to multiple SQ Security Categories: weak-cryptography, auth
2020.07.08 10:01:32 WARN  web[][o.s.s.r.i.RuleIndexer] Rule javascript:S1523 with CWEs '95, 470' maps to multiple SQ Security Categories: rce, object-injection
2020.07.08 10:01:32 WARN  web[][o.s.s.r.i.RuleIndexer] Rule javascript:S4787 with CWEs '321, 322, 323, 324, 522, 325, 326, 327' maps to multiple SQ Security Categories: weak-cryptography, auth
2020.07.08 10:01:34 WARN  web[][o.s.s.r.i.RuleIndexer] Rule php:S4787 with CWEs '321, 322, 323, 324, 522, 325, 326, 327' maps to multiple SQ Security Categories: weak-cryptography, auth
2020.07.08 10:01:34 WARN  web[][o.s.s.r.i.RuleIndexer] Rule php:S1523 with CWEs '95, 470' maps to multiple SQ Security Categories: rce, object-injection
2020.07.08 10:01:38 INFO  web[][o.s.s.q.BuiltInQProfileRepositoryImpl] Load quality profiles
2020.07.08 10:01:39 INFO  web[][o.s.s.q.RegisterQualityProfiles] Register quality profiles
2020.07.08 10:01:39 INFO  web[][o.s.s.q.RegisterQualityProfiles] Register profile css/Sonar way
2020.07.08 10:01:40 INFO  web[][o.s.s.q.RegisterQualityProfiles] Register profile scala/Sonar way
2020.07.08 10:01:41 INFO  web[][o.s.s.q.RegisterQualityProfiles] Register profile jsp/Sonar way
2020.07.08 10:01:41 INFO  web[][o.s.s.q.RegisterQualityProfiles] Register profile kotlin/Sonar way
2020.07.08 10:01:41 INFO  web[][o.s.s.q.RegisterQualityProfiles] Register profile go/Sonar way
2020.07.08 10:01:41 INFO  web[][o.s.s.q.RegisterQualityProfiles] Register profile js/Sonar way
2020.07.08 10:01:41 INFO  web[][o.s.s.q.RegisterQualityProfiles] Register profile js/Sonar way Recommended
2020.07.08 10:01:42 INFO  web[][o.s.s.q.RegisterQualityProfiles] Register profile py/Sonar way
2020.07.08 10:01:42 INFO  web[][o.s.s.q.RegisterQualityProfiles] Register profile ruby/Sonar way
2020.07.08 10:01:42 INFO  web[][o.s.s.q.RegisterQualityProfiles] Register profile cs/Sonar way
2020.07.08 10:01:42 INFO  web[][o.s.s.q.RegisterQualityProfiles] Register profile java/Sonar way
2020.07.08 10:01:43 INFO  web[][o.s.s.q.RegisterQualityProfiles] Register profile web/Sonar way
2020.07.08 10:01:43 INFO  web[][o.s.s.q.RegisterQualityProfiles] Register profile xml/Sonar way
2020.07.08 10:01:43 INFO  web[][o.s.s.q.RegisterQualityProfiles] Register profile flex/Sonar way
2020.07.08 10:01:44 INFO  web[][o.s.s.q.RegisterQualityProfiles] Register profile php/Sonar way
2020.07.08 10:01:44 INFO  web[][o.s.s.q.RegisterQualityProfiles] Register profile php/PSR-2
2020.07.08 10:01:44 INFO  web[][o.s.s.q.RegisterQualityProfiles] Register profile php/Drupal
2020.07.08 10:01:44 INFO  web[][o.s.s.q.RegisterQualityProfiles] Register profile vbnet/Sonar way
2020.07.08 10:01:44 INFO  web[][o.s.s.q.RegisterQualityProfiles] Register profile ts/Sonar way
2020.07.08 10:01:45 INFO  web[][o.s.s.q.RegisterQualityProfiles] Register profile ts/Sonar way recommended
2020.07.08 10:01:45 INFO  web[][o.s.s.s.RegisterPermissionTemplates] Register permission templates
2020.07.08 10:01:45 INFO  web[][o.s.s.s.RenameDeprecatedPropertyKeys] Rename deprecated property keys
2020.07.08 10:01:45 INFO  web[][o.s.s.p.w.MasterServletFilter] Initializing servlet filter org.sonar.server.platform.web.WebServiceFilter@3491828a [pattern=UrlPattern{inclusions=[/api/issues/delete_comment.*, ...], exclusions=[/api/authentication/login.*, ...]}]
2020.07.08 10:01:45 INFO  web[][o.s.s.p.w.MasterServletFilter] Initializing servlet filter org.sonar.server.platform.web.WebServiceReroutingFilter@13888174 [pattern=UrlPattern{inclusions=[/api/components/bulk_update_key, ...], exclusions=[]}]
2020.07.08 10:01:45 INFO  web[][o.s.s.p.w.MasterServletFilter] Initializing servlet filter org.sonar.server.authentication.InitFilter@1b56ed2d [pattern=UrlPattern{inclusions=[/sessions/init/*], exclusions=[]}]
2020.07.08 10:01:45 INFO  web[][o.s.s.p.w.MasterServletFilter] Initializing servlet filter org.sonar.server.authentication.OAuth2CallbackFilter@7f86d0ab [pattern=UrlPattern{inclusions=[/oauth2/callback/*], exclusions=[]}]
2020.07.08 10:01:45 INFO  web[][o.s.s.p.w.MasterServletFilter] Initializing servlet filter org.sonar.server.authentication.ws.LoginAction@5687c1d0 [pattern=UrlPattern{inclusions=[/api/authentication/login], exclusions=[]}]
2020.07.08 10:01:45 INFO  web[][o.s.s.p.w.MasterServletFilter] Initializing servlet filter org.sonar.server.authentication.ws.LogoutAction@249b673a [pattern=UrlPattern{inclusions=[/api/authentication/logout], exclusions=[]}]
2020.07.08 10:01:45 INFO  web[][o.s.s.p.w.MasterServletFilter] Initializing servlet filter org.sonar.server.authentication.ws.ValidateAction@1596a598 [pattern=UrlPattern{inclusions=[/api/authentication/validate], exclusions=[]}]
2020.07.08 10:01:45 INFO  web[][o.s.s.e.IndexerStartupTask] Indexing of type [users/user] ...
2020.07.08 10:01:46 INFO  web[][o.s.s.e.IndexerStartupTask] Indexing of type [users/user] done | time=512ms
2020.07.08 10:01:46 INFO  web[][o.s.s.e.IndexerStartupTask] Indexing of type [components/auth/component] ...
2020.07.08 10:01:46 INFO  web[][o.s.s.e.IndexerStartupTask] Indexing of type [components/auth/component] done | time=200ms
2020.07.08 10:01:46 INFO  web[][o.s.s.e.IndexerStartupTask] Indexing of type [views/view] ...
2020.07.08 10:01:46 INFO  web[][o.s.s.e.IndexerStartupTask] Indexing of type [views/view] done | time=245ms
2020.07.08 10:01:46 INFO  web[][o.s.s.e.IndexerStartupTask] Indexing of type [issues/auth/issue] ...
2020.07.08 10:01:46 INFO  web[][o.s.s.e.IndexerStartupTask] Indexing of type [issues/auth/issue] done | time=147ms
2020.07.08 10:01:46 INFO  web[][o.s.s.e.IndexerStartupTask] Indexing of types [components/auth],[projectmeasures/auth],[issues/auth] ...
2020.07.08 10:01:46 INFO  web[][o.s.s.e.IndexerStartupTask] Indexing of types [components/auth],[projectmeasures/auth],[issues/auth] done | time=254ms
2020.07.08 10:01:46 INFO  web[][o.s.s.e.IndexerStartupTask] Indexing of type [projectmeasures/auth/projectmeasure] ...
2020.07.08 10:01:47 INFO  web[][o.s.s.e.IndexerStartupTask] Indexing of type [projectmeasures/auth/projectmeasure] done | time=138ms
2020.07.08 10:01:47 INFO  web[][o.s.s.q.ProjectsInWarningDaemon] Counting number of projects in warning is enabled.
2020.07.08 10:01:47 INFO  web[][o.s.s.p.p.PlatformLevelStartup] Running Community Edition
2020.07.08 10:01:47 INFO  web[][o.s.s.p.Platform] WebServer is operational
2020.07.08 10:01:47 INFO  web[][o.s.s.q.ProjectsInWarningDaemon] Counting number of projects in warning will be disabled as there are no more projects in warning.
